Determining if the pthread_create exist failed with the following output:
Change Dir: /home/alahr/Documents/College/Spring2021/Python_Applications/rwa4_ws/build/final_project_2/CMakeFiles/CMakeTmp

Run Build Command:"/usr/bin/make" "cmTC_dbada/fast"
/usr/bin/make -f CMakeFiles/cmTC_dbada.dir/build.make CMakeFiles/cmTC_dbada.dir/build
make[1]: Entering directory '/home/alahr/Documents/College/Spring2021/Python_Applications/rwa4_ws/build/final_project_2/CMakeFiles/CMakeTmp'
Building C object CMakeFiles/cmTC_dbada.dir/CheckSymbolExists.c.o
/usr/bin/cc    -o CMakeFiles/cmTC_dbada.dir/CheckSymbolExists.c.o   -c /home/alahr/Documents/College/Spring2021/Python_Applications/rwa4_ws/build/final_project_2/CMakeFiles/CMakeTmp/CheckSymbolExists.c
Linking C executable cmTC_dbada
/usr/bin/cmake -E cmake_link_script CMakeFiles/cmTC_dbada.dir/link.txt --verbose=1
/usr/bin/cc      -rdynamic CMakeFiles/cmTC_dbada.dir/CheckSymbolExists.c.o  -o cmTC_dbada 
CMakeFiles/cmTC_dbada.dir/CheckSymbolExists.c.o: In function `main':
CheckSymbolExists.c:(.text+0x1b): undefined reference to `pthread_create'
collect2: error: ld returned 1 exit status
CMakeFiles/cmTC_dbada.dir/build.make:97: recipe for target 'cmTC_dbada' failed
make[1]: *** [cmTC_dbada] Error 1
make[1]: Leaving directory '/home/alahr/Documents/College/Spring2021/Python_Applications/rwa4_ws/build/final_project_2/CMakeFiles/CMakeTmp'
Makefile:126: recipe for target 'cmTC_dbada/fast' failed
make: *** [cmTC_dbada/fast] Error 2

File /home/alahr/Documents/College/Spring2021/Python_Applications/rwa4_ws/build/final_project_2/CMakeFiles/CMakeTmp/CheckSymbolExists.c:
/* */
#include <pthread.h>

int main(int argc, char** argv)
{
  (void)argv;
#ifndef pthread_create
  return ((int*)(&pthread_create))[argc];
#else
  (void)argc;
  return 0;
#endif
}

Determining if the function pthread_create exists in the pthreads failed with the following output:
Change Dir: /home/alahr/Documents/College/Spring2021/Python_Applications/rwa4_ws/build/final_project_2/CMakeFiles/CMakeTmp

Run Build Command:"/usr/bin/make" "cmTC_bd2b0/fast"
/usr/bin/make -f CMakeFiles/cmTC_bd2b0.dir/build.make CMakeFiles/cmTC_bd2b0.dir/build
make[1]: Entering directory '/home/alahr/Documents/College/Spring2021/Python_Applications/rwa4_ws/build/final_project_2/CMakeFiles/CMakeTmp'
Building C object CMakeFiles/cmTC_bd2b0.dir/CheckFunctionExists.c.o
/usr/bin/cc   -DCHECK_FUNCTION_EXISTS=pthread_create   -o CMakeFiles/cmTC_bd2b0.dir/CheckFunctionExists.c.o   -c /usr/share/cmake-3.10/Modules/CheckFunctionExists.c
Linking C executable cmTC_bd2b0
/usr/bin/cmake -E cmake_link_script CMakeFiles/cmTC_bd2b0.dir/link.txt --verbose=1
/usr/bin/cc  -DCHECK_FUNCTION_EXISTS=pthread_create    -rdynamic CMakeFiles/cmTC_bd2b0.dir/CheckFunctionExists.c.o  -o cmTC_bd2b0 -lpthreads 
/usr/bin/ld: cannot find -lpthreads
collect2: error: ld returned 1 exit status
CMakeFiles/cmTC_bd2b0.dir/build.make:97: recipe for target 'cmTC_bd2b0' failed
make[1]: *** [cmTC_bd2b0] Error 1
make[1]: Leaving directory '/home/alahr/Documents/College/Spring2021/Python_Applications/rwa4_ws/build/final_project_2/CMakeFiles/CMakeTmp'
Makefile:126: recipe for target 'cmTC_bd2b0/fast' failed
make: *** [cmTC_bd2b0/fast] Error 2


